0 info it worked if it ends with ok
1 verbose cli [ 'D:\\nodejs\\node.exe',
1 verbose cli   'C:\\Users\\witch\\AppData\\Roaming\\npm\\node_modules\\npm\\bin\\npm-cli.js',
1 verbose cli   'test' ]
2 info using npm@3.10.10
3 info using node@v6.9.5
4 verbose run-script [ 'pretest', 'test', 'posttest' ]
5 info lifecycle angular-boilerplate@1.0.0~pretest: angular-boilerplate@1.0.0
6 verbose lifecycle angular-boilerplate@1.0.0~pretest: unsafe-perm in lifecycle true
7 verbose lifecycle angular-boilerplate@1.0.0~pretest: PATH: C:\Users\witch\AppData\Roaming\npm\node_modules\npm\bin\node-gyp-bin;D:\web\moviecat\node_modules\.bin;C:\Anaconda3\Lib\site-packages\PyQt5;C:\Users\witch\Anaconda3\Lib\site-packages\PyQt5;C:\Program Files\Python35\Lib\site-packages\PyQt5;C:\Anaconda\Lib\site-packages\PyQt4;C:\ProgramData\Oracle\Java\javapath;D:\php\;D:\php\ext;C:\WINDOWS\system32;C:\WINDOWS;C:\WINDOWS\System32\Wbem;C:\WINDOWS\System32\WindowsPowerShell\v1.0\;C:\WINDOWS\system32\config\systemprofile\.dnx\bin;C:\Program Files\Microsoft DNX\Dnvm\;C:\Program Files (x86)\Windows Kits\8.1\Windows Performance Toolkit\;C:\Program Files (x86)\MySQL\MySQL Fabric 1.5 & MySQL Utilities 1.5\;C:\Program Files (x86)\MySQL\MySQL Fabric 1.5 & MySQL Utilities 1.5\Doctrine extensions for PHP\;C:\Python27\;C:\Python27\Scripts;C:\Program Files (x86)\Microsoft SQL Server\100\Tools\Binn\;C:\Program Files\Microsoft SQL Server\100\Tools\Binn\;C:\Program Files\Microsoft SQL Server\100\DTS\Binn\;C:\Program Files (x86)\Brackets\command;D:\nvm;D:\nodejs;C:\Program Files\Git\cmd;C:\Program Files\Microsoft SQL Server\Client SDK\ODBC\110\Tools\Binn\;C:\Program Files (x86)\Microsoft SQL Server\120\Tools\Binn\;C:\Program Files\Microsoft SQL Server\120\Tools\Binn\;C:\Program Files\Microsoft SQL Server\120\DTS\Binn\;C:\Program Files (x86)\Microsoft SQL Server\120\Tools\Binn\ManagementStudio\;C:\Program Files (x86)\Microsoft SQL Server\120\DTS\Binn\;C:\Anaconda3;C:\Anaconda3\Scripts;C:\Anaconda3\Library\bin;C:\Users\witch\AppData\Local\Microsoft\WindowsApps;C:\Users\witch\AppData\Roaming\npm;C:\Program Files (x86)\Mercurial
8 verbose lifecycle angular-boilerplate@1.0.0~pretest: CWD: D:\web\moviecat
9 silly lifecycle angular-boilerplate@1.0.0~pretest: Args: [ '/d /s /c', 'npm install' ]
10 silly lifecycle angular-boilerplate@1.0.0~pretest: Returned: code: 3221225786  signal: null
11 info lifecycle angular-boilerplate@1.0.0~pretest: Failed to exec pretest script
12 error Test failed.  See above for more details.
13 verbose exit [ 1, true ]
14 verbose stack Error: kill ENOSYS
14 verbose stack     at exports._errnoException (util.js:1022:11)
14 verbose stack     at process.kill (internal/process.js:172:13)
14 verbose stack     at process.listener (C:\Users\witch\AppData\Roaming\npm\node_modules\npm\node_modules\npmlog\node_modules\gauge\node_modules\signal-exit\index.js:86:15)
14 verbose stack     at emitNone (events.js:91:20)
14 verbose stack     at process.emit (events.js:185:7)
14 verbose stack     at processEmit (C:\Users\witch\AppData\Roaming\npm\node_modules\npm\node_modules\npmlog\node_modules\gauge\node_modules\signal-exit\index.js:146:32)
14 verbose stack     at processEmit (C:\Users\witch\AppData\Roaming\npm\node_modules\npm\node_modules\npm-registry-client\node_modules\npmlog\node_modules\gauge\node_modules\signal-exit\index.js:146:32)
14 verbose stack     at Signal.wrap.onsignal (internal/process.js:199:44)
15 verbose cwd D:\web\moviecat
16 error Windows_NT 10.0.14393
17 error argv "D:\\nodejs\\node.exe" "C:\\Users\\witch\\AppData\\Roaming\\npm\\node_modules\\npm\\bin\\npm-cli.js" "test"
18 error node v6.9.5
19 error npm  v3.10.10
20 error code ENOSYS
21 error errno ENOSYS
22 error syscall kill
23 error kill ENOSYS
24 error If you need help, you may report this error at:
24 error     <https://github.com/npm/npm/issues>
25 verbose exit [ 1, true ]
